<?xml version="1.0" encoding="UTF-8"?>
<!-- Generated by org.testng.reporters.JUnitXMLReporter -->
<testsuite ignored="0" hostname="LTIN234606" failures="2" tests="16" name="Default test" time="1374.769" errors="0" timestamp="2024-02-29T15:41:34 IST">
  <testcase classname="io.cucumber.testng.AbstractTestNGCucumberTests" name="runScenario" time="55.265">
    <failure type="java.lang.AssertionError" message="expected [Upcoming Bikes in India in India 2024-25, Check Price, Launch Date, Specs @ ZigWheels] but found [Upcoming Bikes in India - Check Price, Launch Date, Images and Latest News]">
      <![CDATA[java.lang.AssertionError: expected [Upcoming Bikes in India in India 2024-25, Check Price, Launch Date, Specs @ ZigWheels] but found [Upcoming Bikes in India - Check Price, Launch Date, Images and Latest News]
at org.testng.Assert.fail(Assert.java:99)
at org.testng.Assert.failNotEquals(Assert.java:1037)
at org.testng.Assert.assertEqualsImpl(Assert.java:140)
at org.testng.Assert.assertEquals(Assert.java:122)
at org.testng.Assert.assertEquals(Assert.java:629)
at org.testng.Assert.assertEquals(Assert.java:639)
at StepDefination.stepDef1.user_is_nevigated_to_the_upcoming_bikes_page(stepDef1.java:120)
at ✽.user is nevigated to the upcoming bikes page(file:///C:/Users/2303697/eclipse-workspace/Hackathon_Identify_bikes/src/test/resources/Features/EndToEnd.feature:13)
]]>
    </failure>
  </testcase> <!-- runScenario -->
  <testcase classname="io.cucumber.testng.AbstractTestNGCucumberTests" name="runScenario" time="65.899"/>
  <testcase classname="io.cucumber.testng.AbstractTestNGCucumberTests" name="runScenario" time="72.206"/>
  <testcase classname="io.cucumber.testng.AbstractTestNGCucumberTests" name="runScenario" time="68.57"/>
  <testcase classname="io.cucumber.testng.AbstractTestNGCucumberTests" name="runScenario" time="88.072"/>
  <testcase classname="io.cucumber.testng.AbstractTestNGCucumberTests" name="runScenario" time="82.551"/>
  <testcase classname="io.cucumber.testng.AbstractTestNGCucumberTests" name="runScenario" time="62.243"/>
  <testcase classname="io.cucumber.testng.AbstractTestNGCucumberTests" name="runScenario" time="64.628"/>
  <testcase classname="io.cucumber.testng.AbstractTestNGCucumberTests" name="runScenario" time="50.946"/>
  <testcase classname="io.cucumber.testng.AbstractTestNGCucumberTests" name="runScenario" time="118.526"/>
  <testcase classname="io.cucumber.testng.AbstractTestNGCucumberTests" name="runScenario" time="49.822"/>
  <testcase classname="io.cucumber.testng.AbstractTestNGCucumberTests" name="runScenario" time="52.39"/>
  <testcase classname="io.cucumber.testng.AbstractTestNGCucumberTests" name="runScenario" time="51.837"/>
  <testcase classname="io.cucumber.testng.AbstractTestNGCucumberTests" name="runScenario" time="43.424">
    <failure type="java.lang.AssertionError" message="expected [Upcoming Bikes in India in India 2024-25, Check Price, Launch Date, Specs @ ZigWheels] but found [Upcoming Bikes in India - Check Price, Launch Date, Images and Latest News]">
      <![CDATA[java.lang.AssertionError: expected [Upcoming Bikes in India in India 2024-25, Check Price, Launch Date, Specs @ ZigWheels] but found [Upcoming Bikes in India - Check Price, Launch Date, Images and Latest News]
at org.testng.Assert.fail(Assert.java:99)
at org.testng.Assert.failNotEquals(Assert.java:1037)
at org.testng.Assert.assertEqualsImpl(Assert.java:140)
at org.testng.Assert.assertEquals(Assert.java:122)
at org.testng.Assert.assertEquals(Assert.java:629)
at org.testng.Assert.assertEquals(Assert.java:639)
at StepDefination.stepDef1.user_is_nevigated_to_the_upcoming_bikes_page(stepDef1.java:120)
at ✽.user is nevigated to the upcoming bikes page(file:///C:/Users/2303697/eclipse-workspace/Hackathon_Identify_bikes/src/test/resources/Features/smokes.feature:17)
]]>
    </failure>
  </testcase> <!-- runScenario -->
  <testcase classname="io.cucumber.testng.AbstractTestNGCucumberTests" name="runScenario" time="311.62"/>
  <testcase classname="io.cucumber.testng.AbstractTestNGCucumberTests" name="runScenario" time="54.301"/>
</testsuite> <!-- Default test -->
