<?xml version="1.0" encoding="UTF-8"?>
<testng-results ignored="0" total="4" passed="4" failed="0" skipped="0">
  <reporter-output>
  </reporter-output>
  <suite started-at="2024-03-01T13:24:03 IST" name="Default suite" finished-at="2024-03-01T13:32:45 IST" duration-ms="521746">
    <groups>
      <group name="cucumber">
        <method signature="AbstractTestNGCucumberTests.runScenario(io.cucumber.testng.PickleWrapper,io.cucumber.testng.FeatureWrapper)[pri:0, instance:TestRunner.testRunner@41a0aa7d]" name="runScenario" class="io.cucumber.testng.AbstractTestNGCucumberTests"/>
      </group> <!-- cucumber -->
    </groups>
    <test started-at="2024-03-01T13:24:03 IST" name="Default test" finished-at="2024-03-01T13:32:45 IST" duration-ms="521746">
      <class name="TestRunner.testRunner">
        <test-method is-config="true" signature="setUpClass(org.testng.ITestContext)[pri:0, instance:TestRunner.testRunner@41a0aa7d]" started-at="2024-03-01T13:24:03 IST" name="setUpClass" finished-at="2024-03-01T13:24:04 IST" duration-ms="1244" status="PASS">
          <params>
            <param index="0">
              <value>
                <![CDATA[org.testng.TestRunner@279151f4]]>
              </value>
            </param>
          </params>
          <reporter-output>
          </reporter-output>
        </test-method> <!-- setUpClass -->
        <test-method signature="runScenario(io.cucumber.testng.PickleWrapper,io.cucumber.testng.FeatureWrapper)[pri:0, instance:TestRunner.testRunner@41a0aa7d]" started-at="2024-03-01T13:24:05 IST" name="runScenario" description="Runs Cucumber Scenarios" data-provider="scenarios" finished-at="2024-03-01T13:25:00 IST" duration-ms="55373" status="PASS">
          <params>
            <param index="0">
              <value>
                <![CDATA["Fundamental Elements Validation"]]>
              </value>
            </param>
            <param index="1">
              <value>
                <![CDATA["ZigWheels smokes"]]>
              </value>
            </param>
          </params>
          <reporter-output>
          </reporter-output>
        </test-method> <!-- runScenario -->
        <test-method signature="runScenario(io.cucumber.testng.PickleWrapper,io.cucumber.testng.FeatureWrapper)[pri:0, instance:TestRunner.testRunner@41a0aa7d]" started-at="2024-03-01T13:25:00 IST" name="runScenario" description="Runs Cucumber Scenarios" data-provider="scenarios" finished-at="2024-03-01T13:26:06 IST" duration-ms="66294" status="PASS">
          <params>
            <param index="0">
              <value>
                <![CDATA["Varification of NewBikes DropDown"]]>
              </value>
            </param>
            <param index="1">
              <value>
                <![CDATA["ZigWheels smokes"]]>
              </value>
            </param>
          </params>
          <reporter-output>
          </reporter-output>
        </test-method> <!-- runScenario -->
        <test-method signature="runScenario(io.cucumber.testng.PickleWrapper,io.cucumber.testng.FeatureWrapper)[pri:0, instance:TestRunner.testRunner@41a0aa7d]" started-at="2024-03-01T13:26:06 IST" name="runScenario" description="Runs Cucumber Scenarios" data-provider="scenarios" finished-at="2024-03-01T13:29:56 IST" duration-ms="229449" status="PASS">
          <params>
            <param index="0">
              <value>
                <![CDATA["Displays used Cars in perticular location"]]>
              </value>
            </param>
            <param index="1">
              <value>
                <![CDATA["ZigWheels smokes"]]>
              </value>
            </param>
          </params>
          <reporter-output>
          </reporter-output>
        </test-method> <!-- runScenario -->
        <test-method signature="runScenario(io.cucumber.testng.PickleWrapper,io.cucumber.testng.FeatureWrapper)[pri:0, instance:TestRunner.testRunner@41a0aa7d]" started-at="2024-03-01T13:29:56 IST" name="runScenario" description="Runs Cucumber Scenarios" data-provider="scenarios" finished-at="2024-03-01T13:30:49 IST" duration-ms="52953" status="PASS">
          <params>
            <param index="0">
              <value>
                <![CDATA["Validate Login using Google option with invalid credential"]]>
              </value>
            </param>
            <param index="1">
              <value>
                <![CDATA["ZigWheels smokes"]]>
              </value>
            </param>
          </params>
          <reporter-output>
          </reporter-output>
        </test-method> <!-- runScenario -->
        <test-method is-config="true" signature="tearDownClass()[pri:0, instance:TestRunner.testRunner@41a0aa7d]" started-at="2024-03-01T13:30:49 IST" name="tearDownClass" finished-at="2024-03-01T13:32:45 IST" duration-ms="116369" status="PASS">
          <reporter-output>
          </reporter-output>
        </test-method> <!-- tearDownClass -->
      </class> <!-- TestRunner.testRunner -->
    </test> <!-- Default test -->
  </suite> <!-- Default suite -->
</testng-results>
