<?xml version="1.0" encoding="UTF-8"?>
<testng-results ignored="0" total="16" passed="15" failed="1" skipped="0">
  <reporter-output>
  </reporter-output>
  <suite started-at="2024-03-05T11:42:53 IST" name="Default suite" finished-at="2024-03-05T11:58:26 IST" duration-ms="933565">
    <groups>
      <group name="cucumber">
        <method signature="AbstractTestNGCucumberTests.runScenario(io.cucumber.testng.PickleWrapper,io.cucumber.testng.FeatureWrapper)[pri:0, instance:TestRunner.testRunner@41a0aa7d]" name="runScenario" class="io.cucumber.testng.AbstractTestNGCucumberTests"/>
      </group> <!-- cucumber -->
    </groups>
    <test started-at="2024-03-05T11:42:53 IST" name="Default test" finished-at="2024-03-05T11:58:26 IST" duration-ms="933565">
      <class name="TestRunner.testRunner">
        <test-method is-config="true" signature="setUpClass(org.testng.ITestContext)[pri:0, instance:TestRunner.testRunner@41a0aa7d]" started-at="2024-03-05T11:42:53 IST" name="setUpClass" finished-at="2024-03-05T11:42:55 IST" duration-ms="1675" status="PASS">
          <params>
            <param index="0">
              <value>
                <![CDATA[org.testng.TestRunner@2eb20fa7]]>
              </value>
            </param>
          </params>
          <reporter-output>
          </reporter-output>
        </test-method> <!-- setUpClass -->
        <test-method signature="runScenario(io.cucumber.testng.PickleWrapper,io.cucumber.testng.FeatureWrapper)[pri:0, instance:TestRunner.testRunner@41a0aa7d]" started-at="2024-03-05T11:42:55 IST" name="runScenario" description="Runs Cucumber Scenarios" data-provider="scenarios" finished-at="2024-03-05T11:46:03 IST" duration-ms="188045" status="PASS">
          <params>
            <param index="0">
              <value>
                <![CDATA["Zigwheels Web app functionalities"]]>
              </value>
            </param>
            <param index="1">
              <value>
                <![CDATA["ZigWheels End To End"]]>
              </value>
            </param>
          </params>
          <reporter-output>
          </reporter-output>
        </test-method> <!-- runScenario -->
        <test-method signature="runScenario(io.cucumber.testng.PickleWrapper,io.cucumber.testng.FeatureWrapper)[pri:0, instance:TestRunner.testRunner@41a0aa7d]" started-at="2024-03-05T11:46:03 IST" name="runScenario" description="Runs Cucumber Scenarios" data-provider="scenarios" finished-at="2024-03-05T11:46:35 IST" duration-ms="32636" status="PASS">
          <params>
            <param index="0">
              <value>
                <![CDATA["Google login with Invalid mail"]]>
              </value>
            </param>
            <param index="1">
              <value>
                <![CDATA["ZigWheels End To End"]]>
              </value>
            </param>
          </params>
          <reporter-output>
          </reporter-output>
        </test-method> <!-- runScenario -->
        <test-method signature="runScenario(io.cucumber.testng.PickleWrapper,io.cucumber.testng.FeatureWrapper)[pri:0, instance:TestRunner.testRunner@41a0aa7d]" started-at="2024-03-05T11:46:35 IST" name="runScenario" description="Runs Cucumber Scenarios" data-provider="scenarios" finished-at="2024-03-05T11:47:29 IST" duration-ms="54067" status="PASS">
          <params>
            <param index="0">
              <value>
                <![CDATA["Google login with Valid mail"]]>
              </value>
            </param>
            <param index="1">
              <value>
                <![CDATA["ZigWheels End To End"]]>
              </value>
            </param>
          </params>
          <reporter-output>
          </reporter-output>
        </test-method> <!-- runScenario -->
        <test-method signature="runScenario(io.cucumber.testng.PickleWrapper,io.cucumber.testng.FeatureWrapper)[pri:0, instance:TestRunner.testRunner@41a0aa7d]" started-at="2024-03-05T11:47:29 IST" name="runScenario" description="Runs Cucumber Scenarios" data-provider="scenarios" finished-at="2024-03-05T11:48:05 IST" duration-ms="36050" status="PASS">
          <params>
            <param index="0">
              <value>
                <![CDATA["Facebook login Validations"]]>
              </value>
            </param>
            <param index="1">
              <value>
                <![CDATA["ZigWheels End To End"]]>
              </value>
            </param>
          </params>
          <reporter-output>
          </reporter-output>
        </test-method> <!-- runScenario -->
        <test-method signature="runScenario(io.cucumber.testng.PickleWrapper,io.cucumber.testng.FeatureWrapper)[pri:0, instance:TestRunner.testRunner@41a0aa7d]" started-at="2024-03-05T11:48:05 IST" name="runScenario" description="Runs Cucumber Scenarios" data-provider="scenarios" finished-at="2024-03-05T11:48:47 IST" duration-ms="41123" status="PASS">
          <params>
            <param index="0">
              <value>
                <![CDATA["Facebook login Validations"]]>
              </value>
            </param>
            <param index="1">
              <value>
                <![CDATA["ZigWheels End To End"]]>
              </value>
            </param>
          </params>
          <reporter-output>
          </reporter-output>
        </test-method> <!-- runScenario -->
        <test-method signature="runScenario(io.cucumber.testng.PickleWrapper,io.cucumber.testng.FeatureWrapper)[pri:0, instance:TestRunner.testRunner@41a0aa7d]" started-at="2024-03-05T11:48:47 IST" name="runScenario" description="Runs Cucumber Scenarios" data-provider="scenarios" finished-at="2024-03-05T11:49:14 IST" duration-ms="27701" status="PASS">
          <params>
            <param index="0">
              <value>
                <![CDATA["used car and search bar Hover validation"]]>
              </value>
            </param>
            <param index="1">
              <value>
                <![CDATA["ZigWheels Regressions"]]>
              </value>
            </param>
          </params>
          <reporter-output>
          </reporter-output>
        </test-method> <!-- runScenario -->
        <test-method signature="runScenario(io.cucumber.testng.PickleWrapper,io.cucumber.testng.FeatureWrapper)[pri:0, instance:TestRunner.testRunner@41a0aa7d]" started-at="2024-03-05T11:49:14 IST" name="runScenario" description="Runs Cucumber Scenarios" data-provider="scenarios" finished-at="2024-03-05T11:49:50 IST" duration-ms="35496" status="PASS">
          <params>
            <param index="0">
              <value>
                <![CDATA["Displays Bikes by Applying displcement filter"]]>
              </value>
            </param>
            <param index="1">
              <value>
                <![CDATA["ZigWheels Regressions"]]>
              </value>
            </param>
          </params>
          <reporter-output>
          </reporter-output>
        </test-method> <!-- runScenario -->
        <test-method signature="runScenario(io.cucumber.testng.PickleWrapper,io.cucumber.testng.FeatureWrapper)[pri:0, instance:TestRunner.testRunner@41a0aa7d]" started-at="2024-03-05T11:49:50 IST" name="runScenario" description="Runs Cucumber Scenarios" data-provider="scenarios" finished-at="2024-03-05T11:50:34 IST" duration-ms="44564" status="PASS">
          <params>
            <param index="0">
              <value>
                <![CDATA["Validations of New Cars Fuel Type Filter"]]>
              </value>
            </param>
            <param index="1">
              <value>
                <![CDATA["ZigWheels Regressions"]]>
              </value>
            </param>
          </params>
          <reporter-output>
          </reporter-output>
        </test-method> <!-- runScenario -->
        <test-method signature="runScenario(io.cucumber.testng.PickleWrapper,io.cucumber.testng.FeatureWrapper)[pri:0, instance:TestRunner.testRunner@41a0aa7d]" started-at="2024-03-05T11:50:34 IST" name="runScenario" description="Runs Cucumber Scenarios" data-provider="scenarios" finished-at="2024-03-05T11:51:05 IST" duration-ms="30680" status="PASS">
          <params>
            <param index="0">
              <value>
                <![CDATA["Validation of Cardekho Webpage"]]>
              </value>
            </param>
            <param index="1">
              <value>
                <![CDATA["ZigWheels Regressions"]]>
              </value>
            </param>
          </params>
          <reporter-output>
          </reporter-output>
        </test-method> <!-- runScenario -->
        <test-method signature="runScenario(io.cucumber.testng.PickleWrapper,io.cucumber.testng.FeatureWrapper)[pri:0, instance:TestRunner.testRunner@41a0aa7d]" started-at="2024-03-05T11:51:05 IST" name="runScenario" description="Runs Cucumber Scenarios" data-provider="scenarios" finished-at="2024-03-05T11:51:59 IST" duration-ms="53799" status="PASS">
          <params>
            <param index="0">
              <value>
                <![CDATA["Validate Login using Google option with valid email"]]>
              </value>
            </param>
            <param index="1">
              <value>
                <![CDATA["ZigWheels Regressions"]]>
              </value>
            </param>
          </params>
          <reporter-output>
          </reporter-output>
        </test-method> <!-- runScenario -->
        <test-method signature="runScenario(io.cucumber.testng.PickleWrapper,io.cucumber.testng.FeatureWrapper)[pri:0, instance:TestRunner.testRunner@41a0aa7d]" started-at="2024-03-05T11:51:59 IST" name="runScenario" description="Runs Cucumber Scenarios" data-provider="scenarios" finished-at="2024-03-05T11:52:34 IST" duration-ms="35117" status="PASS">
          <params>
            <param index="0">
              <value>
                <![CDATA["validate Login using Facebook with Invalid credentials"]]>
              </value>
            </param>
            <param index="1">
              <value>
                <![CDATA["ZigWheels Regressions"]]>
              </value>
            </param>
          </params>
          <reporter-output>
          </reporter-output>
        </test-method> <!-- runScenario -->
        <test-method signature="runScenario(io.cucumber.testng.PickleWrapper,io.cucumber.testng.FeatureWrapper)[pri:0, instance:TestRunner.testRunner@41a0aa7d]" started-at="2024-03-05T11:52:34 IST" name="runScenario" description="Runs Cucumber Scenarios" data-provider="scenarios" finished-at="2024-03-05T11:53:11 IST" duration-ms="37508" status="FAIL">
          <params>
            <param index="0">
              <value>
                <![CDATA["validate Login using Facebook with Invalid credentials"]]>
              </value>
            </param>
            <param index="1">
              <value>
                <![CDATA["ZigWheels Regressions"]]>
              </value>
            </param>
          </params>
          <exception class="org.openqa.selenium.NoSuchElementException">
            <message>
              <![CDATA[no such element: Unable to locate element: {"method":"xpath","selector":"//input[@id='email']"}
  (Session info: chrome=113.0.5672.93)
For documentation on this error, please visit: https://www.selenium.dev/documentation/webdriver/troubleshooting/errors#no-such-element-exception
Build info: version: '4.18.1', revision: 'b1d3319b48'
System info: os.name: 'Windows 11', os.arch: 'amd64', os.version: '10.0', java.version: '17.0.9'
Driver info: org.openqa.selenium.chrome.ChromeDriver
Command: [3f90f83d6f26471dd07b66c46b113b10, findElement {value=//input[@id='email'], using=xpath}]
Capabilities {acceptInsecureCerts: false, browserName: chrome, browserVersion: 113.0.5672.93, chrome: {chromedriverVersion: 113.0.5672.63 (0e1a4471d5ae..., userDataDir: C:\Program Files (x86)\scop...}, goog:chromeOptions: {debuggerAddress: localhost:51973}, networkConnectionEnabled: false, pageLoadStrategy: normal, platformName: windows, proxy: Proxy(), se:cdp: ws://localhost:51973/devtoo..., se:cdpVersion: 113.0.5672.93, setWindowRect: true, strictFileInteractability: false, timeouts: {implicit: 0, pageLoad: 300000, script: 30000}, unhandledPromptBehavior: dismiss and notify, webauthn:extension:credBlob: true, webauthn:extension:largeBlob: true, webauthn:extension:minPinLength: true, webauthn:extension:prf: true, webauthn:virtualAuthenticators: true}
Session ID: 3f90f83d6f26471dd07b66c46b113b10]]>
            </message>
            <full-stacktrace>
              <![CDATA[org.openqa.selenium.NoSuchElementException: no such element: Unable to locate element: {"method":"xpath","selector":"//input[@id='email']"}
  (Session info: chrome=113.0.5672.93)
For documentation on this error, please visit: https://www.selenium.dev/documentation/webdriver/troubleshooting/errors#no-such-element-exception
Build info: version: '4.18.1', revision: 'b1d3319b48'
System info: os.name: 'Windows 11', os.arch: 'amd64', os.version: '10.0', java.version: '17.0.9'
Driver info: org.openqa.selenium.chrome.ChromeDriver
Command: [3f90f83d6f26471dd07b66c46b113b10, findElement {value=//input[@id='email'], using=xpath}]
Capabilities {acceptInsecureCerts: false, browserName: chrome, browserVersion: 113.0.5672.93, chrome: {chromedriverVersion: 113.0.5672.63 (0e1a4471d5ae..., userDataDir: C:\Program Files (x86)\scop...}, goog:chromeOptions: {debuggerAddress: localhost:51973}, networkConnectionEnabled: false, pageLoadStrategy: normal, platformName: windows, proxy: Proxy(), se:cdp: ws://localhost:51973/devtoo..., se:cdpVersion: 113.0.5672.93, setWindowRect: true, strictFileInteractability: false, timeouts: {implicit: 0, pageLoad: 300000, script: 30000}, unhandledPromptBehavior: dismiss and notify, webauthn:extension:credBlob: true, webauthn:extension:largeBlob: true, webauthn:extension:minPinLength: true, webauthn:extension:prf: true, webauthn:virtualAuthenticators: true}
Session ID: 3f90f83d6f26471dd07b66c46b113b10
at java.base/jdk.internal.reflect.NativeConstructorAccessorImpl.newInstance0(Native Method)
at java.base/jdk.internal.reflect.NativeConstructorAccessorImpl.newInstance(NativeConstructorAccessorImpl.java:77)
at java.base/jdk.internal.reflect.DelegatingConstructorAccessorImpl.newInstance(DelegatingConstructorAccessorImpl.java:45)
at java.base/java.lang.reflect.Constructor.newInstanceWithCaller(Constructor.java:499)
at java.base/java.lang.reflect.Constructor.newInstance(Constructor.java:480)
at org.openqa.selenium.remote.ErrorCodec.decode(ErrorCodec.java:167)
at org.openqa.selenium.remote.codec.w3c.W3CHttpResponseCodec.decode(W3CHttpResponseCodec.java:138)
at org.openqa.selenium.remote.codec.w3c.W3CHttpResponseCodec.decode(W3CHttpResponseCodec.java:50)
at org.openqa.selenium.remote.HttpCommandExecutor.execute(HttpCommandExecutor.java:190)
at org.openqa.selenium.remote.service.DriverCommandExecutor.invokeExecute(DriverCommandExecutor.java:216)
at org.openqa.selenium.remote.service.DriverCommandExecutor.execute(DriverCommandExecutor.java:174)
at org.openqa.selenium.remote.RemoteWebDriver.execute(RemoteWebDriver.java:519)
at org.openqa.selenium.remote.ElementLocation$ElementFinder$2.findElement(ElementLocation.java:165)
at org.openqa.selenium.remote.ElementLocation.findElement(ElementLocation.java:59)
at org.openqa.selenium.remote.RemoteWebDriver.findElement(RemoteWebDriver.java:356)
at org.openqa.selenium.remote.RemoteWebDriver.findElement(RemoteWebDriver.java:350)
at org.openqa.selenium.support.pagefactory.DefaultElementLocator.findElement(DefaultElementLocator.java:68)
at org.openqa.selenium.support.pagefactory.internal.LocatingElementHandler.invoke(LocatingElementHandler.java:38)
at jdk.proxy2/jdk.proxy2.$Proxy28.sendKeys(Unknown Source)
at StepDefination.stepdef2.user_enters_invalid_mail_ph(stepdef2.java:163)
at ✽.user Enters Invalid mail/ph "9983499384"(file:///C:/Users/2303697/eclipse-workspace/Hackathon_Identify_bikes/src/test/resources/Features/Regression.feature:60)
]]>
            </full-stacktrace>
          </exception> <!-- org.openqa.selenium.NoSuchElementException -->
          <reporter-output>
          </reporter-output>
        </test-method> <!-- runScenario -->
        <test-method signature="runScenario(io.cucumber.testng.PickleWrapper,io.cucumber.testng.FeatureWrapper)[pri:0, instance:TestRunner.testRunner@41a0aa7d]" started-at="2024-03-05T11:53:11 IST" name="runScenario" description="Runs Cucumber Scenarios" data-provider="scenarios" finished-at="2024-03-05T11:53:43 IST" duration-ms="31333" status="PASS">
          <params>
            <param index="0">
              <value>
                <![CDATA["Fundamental Elements Validation"]]>
              </value>
            </param>
            <param index="1">
              <value>
                <![CDATA["ZigWheels smokes"]]>
              </value>
            </param>
          </params>
          <reporter-output>
          </reporter-output>
        </test-method> <!-- runScenario -->
        <test-method signature="runScenario(io.cucumber.testng.PickleWrapper,io.cucumber.testng.FeatureWrapper)[pri:0, instance:TestRunner.testRunner@41a0aa7d]" started-at="2024-03-05T11:53:43 IST" name="runScenario" description="Runs Cucumber Scenarios" data-provider="scenarios" finished-at="2024-03-05T11:54:20 IST" duration-ms="37427" status="PASS">
          <params>
            <param index="0">
              <value>
                <![CDATA["Varification of NewBikes DropDown"]]>
              </value>
            </param>
            <param index="1">
              <value>
                <![CDATA["ZigWheels smokes"]]>
              </value>
            </param>
          </params>
          <reporter-output>
          </reporter-output>
        </test-method> <!-- runScenario -->
        <test-method signature="runScenario(io.cucumber.testng.PickleWrapper,io.cucumber.testng.FeatureWrapper)[pri:0, instance:TestRunner.testRunner@41a0aa7d]" started-at="2024-03-05T11:54:20 IST" name="runScenario" description="Runs Cucumber Scenarios" data-provider="scenarios" finished-at="2024-03-05T11:55:38 IST" duration-ms="77416" status="PASS">
          <params>
            <param index="0">
              <value>
                <![CDATA["Displays used Cars in perticular location"]]>
              </value>
            </param>
            <param index="1">
              <value>
                <![CDATA["ZigWheels smokes"]]>
              </value>
            </param>
          </params>
          <reporter-output>
          </reporter-output>
        </test-method> <!-- runScenario -->
        <test-method signature="runScenario(io.cucumber.testng.PickleWrapper,io.cucumber.testng.FeatureWrapper)[pri:0, instance:TestRunner.testRunner@41a0aa7d]" started-at="2024-03-05T11:55:38 IST" name="runScenario" description="Runs Cucumber Scenarios" data-provider="scenarios" finished-at="2024-03-05T11:56:08 IST" duration-ms="30120" status="PASS">
          <params>
            <param index="0">
              <value>
                <![CDATA["Validate Login using Google option with invalid credential"]]>
              </value>
            </param>
            <param index="1">
              <value>
                <![CDATA["ZigWheels smokes"]]>
              </value>
            </param>
          </params>
          <reporter-output>
          </reporter-output>
        </test-method> <!-- runScenario -->
        <test-method is-config="true" signature="tearDownClass()[pri:0, instance:TestRunner.testRunner@41a0aa7d]" started-at="2024-03-05T11:56:08 IST" name="tearDownClass" finished-at="2024-03-05T11:58:26 IST" duration-ms="138725" status="PASS">
          <reporter-output>
          </reporter-output>
        </test-method> <!-- tearDownClass -->
      </class> <!-- TestRunner.testRunner -->
    </test> <!-- Default test -->
  </suite> <!-- Default suite -->
</testng-results>
